<?xml version="1.0" encoding="UTF-8"?>
<testsuite xmlns:xsi="http://www.w3.org/2001/XMLSchema-instance" xsi:noNamespaceSchemaLocation="https://maven.apache.org/surefire/maven-surefire-plugin/xsd/surefire-test-report-3.0.xsd" version="3.0" name="sportsRentals.core.EquipmentTest" time="0.007" tests="3" errors="0" skipped="0" failures="0">
  <properties>
    <property name="java.specification.version" value="20"/>
    <property name="sun.jnu.encoding" value="UTF-8"/>
    <property name="java.class.path" value="/Users/mollyvangen/Desktop/Informatikk Prosjektarbeid/gr2369/sportsRentals/core/target/test-classes:/Users/mollyvangen/.m2/repository/org/junit/jupiter/junit-jupiter-api/5.10.0/junit-jupiter-api-5.10.0.jar:/Users/mollyvangen/.m2/repository/org/opentest4j/opentest4j/1.3.0/opentest4j-1.3.0.jar:/Users/mollyvangen/.m2/repository/org/junit/platform/junit-platform-commons/1.10.0/junit-platform-commons-1.10.0.jar:/Users/mollyvangen/.m2/repository/org/apiguardian/apiguardian-api/1.1.2/apiguardian-api-1.1.2.jar:/Users/mollyvangen/.m2/repository/org/junit/jupiter/junit-jupiter-engine/5.10.0/junit-jupiter-engine-5.10.0.jar:/Users/mollyvangen/.m2/repository/org/junit/platform/junit-platform-engine/1.10.0/junit-platform-engine-1.10.0.jar:/Users/mollyvangen/.m2/repository/org/junit/jupiter/junit-jupiter-params/5.10.0/junit-jupiter-params-5.10.0.jar:/Users/mollyvangen/.m2/repository/junit/junit/3.8.1/junit-3.8.1.jar:/Users/mollyvangen/.m2/repository/org/openjfx/javafx-controls/17.0.8/javafx-controls-17.0.8.jar:/Users/mollyvangen/.m2/repository/org/openjfx/javafx-controls/17.0.8/javafx-controls-17.0.8-mac-aarch64.jar:/Users/mollyvangen/.m2/repository/org/openjfx/javafx-graphics/17.0.8/javafx-graphics-17.0.8.jar:/Users/mollyvangen/.m2/repository/org/openjfx/javafx-graphics/17.0.8/javafx-graphics-17.0.8-mac-aarch64.jar:/Users/mollyvangen/.m2/repository/org/openjfx/javafx-base/17.0.8/javafx-base-17.0.8.jar:/Users/mollyvangen/.m2/repository/org/openjfx/javafx-base/17.0.8/javafx-base-17.0.8-mac-aarch64.jar:/Users/mollyvangen/.m2/repository/org/openjfx/javafx-fxml/17.0.8/javafx-fxml-17.0.8.jar:/Users/mollyvangen/.m2/repository/org/openjfx/javafx-fxml/17.0.8/javafx-fxml-17.0.8-mac-aarch64.jar:/Users/mollyvangen/.m2/repository/org/testfx/testfx-core/4.0.16-alpha/testfx-core-4.0.16-alpha.jar:/Users/mollyvangen/.m2/repository/org/hamcrest/hamcrest-core/1.3/hamcrest-core-1.3.jar:/Users/mollyvangen/.m2/repository/org/assertj/assertj-core/3.13.2/assertj-core-3.13.2.jar:/Users/mollyvangen/.m2/repository/org/testfx/testfx-junit5/4.0.16-alpha/testfx-junit5-4.0.16-alpha.jar:/Users/mollyvangen/.m2/repository/org/hamcrest/hamcrest/2.2/hamcrest-2.2.jar:"/>
    <property name="java.vm.vendor" value="Homebrew"/>
    <property name="sun.arch.data.model" value="64"/>
    <property name="java.vendor.url" value="https://github.com/Homebrew/homebrew-core/issues"/>
    <property name="os.name" value="Mac OS X"/>
    <property name="java.vm.specification.version" value="20"/>
    <property name="sun.java.launcher" value="SUN_STANDARD"/>
    <property name="user.country" value="NO"/>
    <property name="sun.boot.library.path" value="/opt/homebrew/Cellar/openjdk/20.0.2/libexec/openjdk.jdk/Contents/Home/lib"/>
    <property name="sun.java.command" value="org.apache.maven.surefire.booter.ForkedBooter /Users/mollyvangen/Desktop/Informatikk Prosjektarbeid/gr2369/sportsRentals/core/target/surefire 2023-09-27T13-53-19_261-jvmRun1 surefire-20230927135319380_1tmp surefire_0-20230927135319380_2tmp"/>
    <property name="http.nonProxyHosts" value="local|*.local|169.254/16|*.169.254/16"/>
    <property name="jdk.debug" value="release"/>
    <property name="surefire.test.class.path" value="/Users/mollyvangen/Desktop/Informatikk Prosjektarbeid/gr2369/sportsRentals/core/target/test-classes:/Users/mollyvangen/.m2/repository/org/junit/jupiter/junit-jupiter-api/5.10.0/junit-jupiter-api-5.10.0.jar:/Users/mollyvangen/.m2/repository/org/opentest4j/opentest4j/1.3.0/opentest4j-1.3.0.jar:/Users/mollyvangen/.m2/repository/org/junit/platform/junit-platform-commons/1.10.0/junit-platform-commons-1.10.0.jar:/Users/mollyvangen/.m2/repository/org/apiguardian/apiguardian-api/1.1.2/apiguardian-api-1.1.2.jar:/Users/mollyvangen/.m2/repository/org/junit/jupiter/junit-jupiter-engine/5.10.0/junit-jupiter-engine-5.10.0.jar:/Users/mollyvangen/.m2/repository/org/junit/platform/junit-platform-engine/1.10.0/junit-platform-engine-1.10.0.jar:/Users/mollyvangen/.m2/repository/org/junit/jupiter/junit-jupiter-params/5.10.0/junit-jupiter-params-5.10.0.jar:/Users/mollyvangen/.m2/repository/junit/junit/3.8.1/junit-3.8.1.jar:/Users/mollyvangen/.m2/repository/org/openjfx/javafx-controls/17.0.8/javafx-controls-17.0.8.jar:/Users/mollyvangen/.m2/repository/org/openjfx/javafx-controls/17.0.8/javafx-controls-17.0.8-mac-aarch64.jar:/Users/mollyvangen/.m2/repository/org/openjfx/javafx-graphics/17.0.8/javafx-graphics-17.0.8.jar:/Users/mollyvangen/.m2/repository/org/openjfx/javafx-graphics/17.0.8/javafx-graphics-17.0.8-mac-aarch64.jar:/Users/mollyvangen/.m2/repository/org/openjfx/javafx-base/17.0.8/javafx-base-17.0.8.jar:/Users/mollyvangen/.m2/repository/org/openjfx/javafx-base/17.0.8/javafx-base-17.0.8-mac-aarch64.jar:/Users/mollyvangen/.m2/repository/org/openjfx/javafx-fxml/17.0.8/javafx-fxml-17.0.8.jar:/Users/mollyvangen/.m2/repository/org/openjfx/javafx-fxml/17.0.8/javafx-fxml-17.0.8-mac-aarch64.jar:/Users/mollyvangen/.m2/repository/org/testfx/testfx-core/4.0.16-alpha/testfx-core-4.0.16-alpha.jar:/Users/mollyvangen/.m2/repository/org/hamcrest/hamcrest-core/1.3/hamcrest-core-1.3.jar:/Users/mollyvangen/.m2/repository/org/assertj/assertj-core/3.13.2/assertj-core-3.13.2.jar:/Users/mollyvangen/.m2/repository/org/testfx/testfx-junit5/4.0.16-alpha/testfx-junit5-4.0.16-alpha.jar:/Users/mollyvangen/.m2/repository/org/hamcrest/hamcrest/2.2/hamcrest-2.2.jar:"/>
    <property name="sun.cpu.endian" value="little"/>
    <property name="user.home" value="/Users/mollyvangen"/>
    <property name="user.language" value="en"/>
    <property name="java.specification.vendor" value="Oracle Corporation"/>
    <property name="jdk.module.path" value="/Users/mollyvangen/Desktop/Informatikk Prosjektarbeid/gr2369/sportsRentals/core/target/classes"/>
    <property name="java.version.date" value="2023-07-18"/>
    <property name="java.home" value="/opt/homebrew/Cellar/openjdk/20.0.2/libexec/openjdk.jdk/Contents/Home"/>
    <property name="file.separator" value="/"/>
    <property name="basedir" value="/Users/mollyvangen/Desktop/Informatikk Prosjektarbeid/gr2369/sportsRentals/core"/>
    <property name="java.vm.compressedOopsMode" value="Zero based"/>
    <property name="line.separator" value="&#10;"/>
    <property name="java.vm.specification.vendor" value="Oracle Corporation"/>
    <property name="java.specification.name" value="Java Platform API Specification"/>
    <property name="apple.awt.application.name" value="ForkedBooter"/>
    <property name="surefire.real.class.path" value="/Users/mollyvangen/.m2/repository/org/apache/maven/surefire/surefire-api/3.1.2/surefire-api-3.1.2.jar:/Users/mollyvangen/.m2/repository/org/apache/maven/surefire/surefire-booter/3.1.2/surefire-booter-3.1.2.jar:/Users/mollyvangen/.m2/repository/org/apache/maven/surefire/surefire-extensions-spi/3.1.2/surefire-extensions-spi-3.1.2.jar:/Users/mollyvangen/.m2/repository/org/apache/maven/surefire/surefire-logger-api/3.1.2/surefire-logger-api-3.1.2.jar:/Users/mollyvangen/.m2/repository/org/apache/maven/surefire/surefire-shared-utils/3.1.2/surefire-shared-utils-3.1.2.jar:/Users/mollyvangen/Desktop/Informatikk Prosjektarbeid/gr2369/sportsRentals/core/target/test-classes:/Users/mollyvangen/.m2/repository/org/junit/jupiter/junit-jupiter-api/5.10.0/junit-jupiter-api-5.10.0.jar:/Users/mollyvangen/.m2/repository/org/opentest4j/opentest4j/1.3.0/opentest4j-1.3.0.jar:/Users/mollyvangen/.m2/repository/org/junit/platform/junit-platform-commons/1.10.0/junit-platform-commons-1.10.0.jar:/Users/mollyvangen/.m2/repository/org/apiguardian/apiguardian-api/1.1.2/apiguardian-api-1.1.2.jar:/Users/mollyvangen/.m2/repository/org/junit/jupiter/junit-jupiter-engine/5.10.0/junit-jupiter-engine-5.10.0.jar:/Users/mollyvangen/.m2/repository/org/junit/platform/junit-platform-engine/1.10.0/junit-platform-engine-1.10.0.jar:/Users/mollyvangen/.m2/repository/org/junit/jupiter/junit-jupiter-params/5.10.0/junit-jupiter-params-5.10.0.jar:/Users/mollyvangen/.m2/repository/junit/junit/3.8.1/junit-3.8.1.jar:/Users/mollyvangen/.m2/repository/org/openjfx/javafx-controls/17.0.8/javafx-controls-17.0.8.jar:/Users/mollyvangen/.m2/repository/org/openjfx/javafx-controls/17.0.8/javafx-controls-17.0.8-mac-aarch64.jar:/Users/mollyvangen/.m2/repository/org/openjfx/javafx-graphics/17.0.8/javafx-graphics-17.0.8.jar:/Users/mollyvangen/.m2/repository/org/openjfx/javafx-graphics/17.0.8/javafx-graphics-17.0.8-mac-aarch64.jar:/Users/mollyvangen/.m2/repository/org/openjfx/javafx-base/17.0.8/javafx-base-17.0.8.jar:/Users/mollyvangen/.m2/repository/org/openjfx/javafx-base/17.0.8/javafx-base-17.0.8-mac-aarch64.jar:/Users/mollyvangen/.m2/repository/org/openjfx/javafx-fxml/17.0.8/javafx-fxml-17.0.8.jar:/Users/mollyvangen/.m2/repository/org/openjfx/javafx-fxml/17.0.8/javafx-fxml-17.0.8-mac-aarch64.jar:/Users/mollyvangen/.m2/repository/org/testfx/testfx-core/4.0.16-alpha/testfx-core-4.0.16-alpha.jar:/Users/mollyvangen/.m2/repository/org/hamcrest/hamcrest-core/1.3/hamcrest-core-1.3.jar:/Users/mollyvangen/.m2/repository/org/assertj/assertj-core/3.13.2/assertj-core-3.13.2.jar:/Users/mollyvangen/.m2/repository/org/testfx/testfx-junit5/4.0.16-alpha/testfx-junit5-4.0.16-alpha.jar:/Users/mollyvangen/.m2/repository/org/hamcrest/hamcrest/2.2/hamcrest-2.2.jar:/Users/mollyvangen/.m2/repository/org/apache/maven/surefire/surefire-junit-platform/3.1.2/surefire-junit-platform-3.1.2.jar:/Users/mollyvangen/.m2/repository/org/apache/maven/surefire/common-java5/3.1.2/common-java5-3.1.2.jar:/Users/mollyvangen/.m2/repository/org/junit/platform/junit-platform-launcher/1.10.0/junit-platform-launcher-1.10.0.jar"/>
    <property name="sun.management.compiler" value="HotSpot 64-Bit Tiered Compilers"/>
    <property name="ftp.nonProxyHosts" value="local|*.local|169.254/16|*.169.254/16"/>
    <property name="java.runtime.version" value="20.0.2"/>
    <property name="user.name" value="mollyvangen"/>
    <property name="stdout.encoding" value="UTF-8"/>
    <property name="path.separator" value=":"/>
    <property name="os.version" value="13.0"/>
    <property name="java.runtime.name" value="OpenJDK Runtime Environment"/>
    <property name="file.encoding" value="UTF-8"/>
    <property name="java.vm.name" value="OpenJDK 64-Bit Server VM"/>
    <property name="java.vendor.version" value="Homebrew"/>
    <property name="localRepository" value="/Users/mollyvangen/.m2/repository"/>
    <property name="java.vendor.url.bug" value="https://github.com/Homebrew/homebrew-core/issues"/>
    <property name="java.io.tmpdir" value="/var/folders/6m/_ybpdnjd7xq83_yjf942kkrc0000gn/T/"/>
    <property name="java.version" value="20.0.2"/>
    <property name="user.dir" value="/Users/mollyvangen/Desktop/Informatikk Prosjektarbeid/gr2369/sportsRentals/core"/>
    <property name="os.arch" value="aarch64"/>
    <property name="java.vm.specification.name" value="Java Virtual Machine Specification"/>
    <property name="native.encoding" value="UTF-8"/>
    <property name="java.library.path" value="/Users/mollyvangen/Library/Java/Extensions:/Library/Java/Extensions:/Network/Library/Java/Extensions:/System/Library/Java/Extensions:/usr/lib/java:."/>
    <property name="java.vm.info" value="mixed mode"/>
    <property name="stderr.encoding" value="UTF-8"/>
    <property name="java.vendor" value="Homebrew"/>
    <property name="java.vm.version" value="20.0.2"/>
    <property name="sun.io.unicode.encoding" value="UnicodeBig"/>
    <property name="socksNonProxyHosts" value="local|*.local|169.254/16|*.169.254/16"/>
    <property name="java.class.version" value="64.0"/>
  </properties>
  <testcase name="testGetPrice" classname="sportsRentals.core.EquipmentTest" time="0.004"/>
  <testcase name="testAddPrice" classname="sportsRentals.core.EquipmentTest" time="0.0"/>
  <testcase name="testGetAndSetType" classname="sportsRentals.core.EquipmentTest" time="0.0"/>
</testsuite>